{"uuid":"185e9ce3-60f3-4e0d-aeeb-84010cb987c8","historyId":"1faecae9274ec8fe21ad1b3d67f4bbd5","fullName":"com.example.teamcity.BuildConfigurationTest.buildConfigurationTest","labels":[{"name":"package","value":"com.example.teamcity.BuildConfigurationTest"},{"name":"testClass","value":"com.example.teamcity.BuildConfigurationTest"},{"name":"testMethod","value":"buildConfigurationTest"},{"name":"parentSuite","value":"Default Suite"},{"name":"suite","value":"teamcity-testing-framework"},{"name":"subSuite","value":"com.example.teamcity.BuildConfigurationTest"},{"name":"host","value":"NSWN-231020-001"},{"name":"thread","value":"2288@NSWN-231020-001.main(1)"},{"name":"framework","value":"testng"},{"name":"language","value":"java"}],"links":[],"name":"buildConfigurationTest","status":"broken","statusDetails":{"known":false,"muted":false,"flaky":false,"message":"java.lang.ExceptionInInitializerError","trace":"java.lang.ExceptionInInitializerError\r\n\tat org.assertj.core.api.SoftProxies.create(SoftProxies.java:38)\r\n\tat org.assertj.core.api.AbstractSoftAssertions.proxy(AbstractSoftAssertions.java:31)\r\n\tat org.assertj.core.api.Java6AbstractStandardSoftAssertions.assertThat(Java6AbstractStandardSoftAssertions.java:499)\r\n\tat com.example.teamcity.BuildConfigurationTest.buildConfigurationTest(BuildConfigurationTest.java:20)\r\n\tat java.base/jdk.internal.reflect.NativeMethodAccessorImpl.invoke0(Native Method)\r\n\tat java.base/jdk.internal.reflect.NativeMethodAccessorImpl.invoke(NativeMethodAccessorImpl.java:77)\r\n\tat java.base/jdk.internal.reflect.DelegatingMethodAccessorImpl.invoke(DelegatingMethodAccessorImpl.java:43)\r\n\tat java.base/java.lang.reflect.Method.invoke(Method.java:568)\r\n\tat org.testng.internal.invokers.MethodInvocationHelper.invokeMethod(MethodInvocationHelper.java:139)\r\n\tat org.testng.internal.invokers.TestInvoker.invokeMethod(TestInvoker.java:677)\r\n\tat org.testng.internal.invokers.TestInvoker.invokeTestMethod(TestInvoker.java:221)\r\n\tat org.testng.internal.invokers.MethodRunner.runInSequence(MethodRunner.java:50)\r\n\tat org.testng.internal.invokers.TestInvoker$MethodInvocationAgent.invoke(TestInvoker.java:969)\r\n\tat org.testng.internal.invokers.TestInvoker.invokeTestMethods(TestInvoker.java:194)\r\n\tat org.testng.internal.invokers.TestMethodWorker.invokeTestMethods(TestMethodWorker.java:148)\r\n\tat org.testng.internal.invokers.TestMethodWorker.run(TestMethodWorker.java:128)\r\n\tat java.base/java.util.ArrayList.forEach(ArrayList.java:1511)\r\n\tat org.testng.TestRunner.privateRun(TestRunner.java:829)\r\n\tat org.testng.TestRunner.run(TestRunner.java:602)\r\n\tat org.testng.SuiteRunner.runTest(SuiteRunner.java:437)\r\n\tat org.testng.SuiteRunner.runSequentially(SuiteRunner.java:431)\r\n\tat org.testng.SuiteRunner.privateRun(SuiteRunner.java:391)\r\n\tat org.testng.SuiteRunner.run(SuiteRunner.java:330)\r\n\tat org.testng.SuiteRunnerWorker.runSuite(SuiteRunnerWorker.java:52)\r\n\tat org.testng.SuiteRunnerWorker.run(SuiteRunnerWorker.java:95)\r\n\tat org.testng.TestNG.runSuitesSequentially(TestNG.java:1256)\r\n\tat org.testng.TestNG.runSuitesLocally(TestNG.java:1176)\r\n\tat org.testng.TestNG.runSuites(TestNG.java:1099)\r\n\tat org.testng.TestNG.run(TestNG.java:1067)\r\n\tat com.intellij.rt.testng.IDEARemoteTestNG.run(IDEARemoteTestNG.java:65)\r\n\tat com.intellij.rt.testng.RemoteTestNGStarter.main(RemoteTestNGStarter.java:105)\r\nCaused by: org.assertj.core.internal.cglib.core.CodeGenerationException: java.lang.reflect.InaccessibleObjectException-->Unable to make protected final java.lang.Class java.lang.ClassLoader.defineClass(java.lang.String,byte[],int,int,java.security.ProtectionDomain) throws java.lang.ClassFormatError accessible: module java.base does not \"opens java.lang\" to unnamed module @3b938003\r\n\tat org.assertj.core.internal.cglib.core.ReflectUtils.defineClass(ReflectUtils.java:464)\r\n\tat org.assertj.core.internal.cglib.core.AbstractClassGenerator.generate(AbstractClassGenerator.java:336)\r\n\tat org.assertj.core.internal.cglib.core.AbstractClassGenerator$ClassLoaderData$3.apply(AbstractClassGenerator.java:93)\r\n\tat org.assertj.core.internal.cglib.core.AbstractClassGenerator$ClassLoaderData$3.apply(AbstractClassGenerator.java:91)\r\n\tat org.assertj.core.internal.cglib.core.internal.LoadingCache$2.call(LoadingCache.java:54)\r\n\tat java.base/java.util.concurrent.FutureTask.run(FutureTask.java:264)\r\n\tat org.assertj.core.internal.cglib.core.internal.LoadingCache.createEntry(LoadingCache.java:61)\r\n\tat org.assertj.core.internal.cglib.core.internal.LoadingCache.get(LoadingCache.java:34)\r\n\tat org.assertj.core.internal.cglib.core.AbstractClassGenerator$ClassLoaderData.get(AbstractClassGenerator.java:116)\r\n\tat org.assertj.core.internal.cglib.core.AbstractClassGenerator.create(AbstractClassGenerator.java:291)\r\n\tat org.assertj.core.internal.cglib.core.KeyFactory$Generator.create(KeyFactory.java:221)\r\n\tat org.assertj.core.internal.cglib.core.KeyFactory.create(KeyFactory.java:174)\r\n\tat org.assertj.core.internal.cglib.core.KeyFactory.create(KeyFactory.java:153)\r\n\tat org.assertj.core.internal.cglib.proxy.Enhancer.<clinit>(Enhancer.java:73)\r\n\t... 31 more\r\nCaused by: java.lang.reflect.InaccessibleObjectException: Unable to make protected final java.lang.Class java.lang.ClassLoader.defineClass(java.lang.String,byte[],int,int,java.security.ProtectionDomain) throws java.lang.ClassFormatError accessible: module java.base does not \"opens java.lang\" to unnamed module @3b938003\r\n\tat java.base/java.lang.reflect.AccessibleObject.checkCanSetAccessible(AccessibleObject.java:354)\r\n\tat java.base/java.lang.reflect.AccessibleObject.checkCanSetAccessible(AccessibleObject.java:297)\r\n\tat java.base/java.lang.reflect.Method.checkCanSetAccessible(Method.java:199)\r\n\tat java.base/java.lang.reflect.Method.setAccessible(Method.java:193)\r\n\tat org.assertj.core.internal.cglib.core.ReflectUtils$1.run(ReflectUtils.java:61)\r\n\tat java.base/java.security.AccessController.doPrivileged(AccessController.java:569)\r\n\tat org.assertj.core.internal.cglib.core.ReflectUtils.<clinit>(ReflectUtils.java:52)\r\n\tat org.assertj.core.internal.cglib.core.KeyFactory$Generator.generateClass(KeyFactory.java:243)\r\n\tat org.assertj.core.internal.cglib.core.DefaultGeneratorStrategy.generate(DefaultGeneratorStrategy.java:25)\r\n\tat org.assertj.core.internal.cglib.core.AbstractClassGenerator.generate(AbstractClassGenerator.java:329)\r\n\t... 43 more\r\n"},"stage":"finished","steps":[],"attachments":[],"parameters":[],"start":1701015837149,"stop":1701015840527}